[vault-gc] outbox/relayed: purged 6 files older than 14d
[vault-gc] transcripts: purged 5 files older than 14d
[vault-gc] done: 11 files purged, 0 logs truncated
[vault-gc] dispatch: purged 4 files older than 14d
[vault-gc] transcripts: purged 9 files older than 14d
[vault-gc] done: 13 files purged, 0 logs truncated
[vault-gc] dispatch: purged 1 files older than 14d
[vault-gc] transcripts: purged 1 files older than 14d
[vault-gc] done: 2 files purged, 0 logs truncated
[vault-gc] watcher.log: truncated 37 lines (kept last 1000)
[vault-gc] done: 0 files purged, 1 logs truncated
[vault-gc] dispatch: purged 11 files older than 14d
[vault-gc] transcripts: purged 11 files older than 14d
[vault-gc] done: 22 files purged, 0 logs truncated
[vault-gc] watcher.log: truncated 14 lines (kept last 1000)
[vault-gc] done: 0 files purged, 1 logs truncated
[vault-gc] done: nothing to clean
[vault-gc] watcher.log: truncated 27 lines (kept last 1000)
[vault-gc] done: 0 files purged, 1 logs truncated
[vault-gc] done: nothing to clean
[vault-gc] done: nothing to clean
[vault-gc] ops-metrics.jsonl: truncated 89 lines (kept last 1000)
[vault-gc] done: 0 files purged, 1 logs truncated
[vault-gc] watcher.log: truncated 8 lines (kept last 1000)
[vault-gc] ops-metrics.jsonl: truncated 116 lines (kept last 1000)
[vault-gc] done: 0 files purged, 2 logs truncated
[vault-gc] ops-metrics.jsonl: truncated 114 lines (kept last 1000)
[vault-gc] done: 0 files purged, 1 logs truncated
[vault-gc] ops-metrics.jsonl: truncated 115 lines (kept last 1000)
[vault-gc] done: 0 files purged, 1 logs truncated
[vault-gc] ops-metrics.jsonl: truncated 114 lines (kept last 1000)
[vault-gc] done: 0 files purged, 1 logs truncated
[vault-gc] ops-metrics.jsonl: truncated 115 lines (kept last 1000)
[vault-gc] done: 0 files purged, 1 logs truncated
[vault-gc] ops-metrics.jsonl: truncated 115 lines (kept last 1000)
[vault-gc] done: 0 files purged, 1 logs truncated
[vault-gc] reviews/raw (feed-intel-framework): purged 11 files older than 30d
[vault-gc] ops-metrics.jsonl: truncated 114 lines (kept last 1000)
[vault-gc] done: 11 files purged, 1 logs truncated
[vault-gc] reviews/raw (feed-intel-framework): purged 2 files older than 30d
[vault-gc] ops-metrics.jsonl: truncated 115 lines (kept last 1000)
[vault-gc] done: 2 files purged, 1 logs truncated
[vault-gc] ops-metrics.jsonl: truncated 115 lines (kept last 1000)
[vault-gc] done: 0 files purged, 1 logs truncated
[vault-gc] reviews/raw (feed-intel-framework): purged 2 files older than 30d
[vault-gc] reviews/raw (tess-operations): purged 15 files older than 30d
[vault-gc] ops-metrics.jsonl: truncated 115 lines (kept last 1000)
[vault-gc] done: 17 files purged, 1 logs truncated
[vault-gc] reviews/raw (feed-intel-framework): purged 3 files older than 30d
[vault-gc] ops-metrics.jsonl: truncated 114 lines (kept last 1000)
[vault-gc] done: 3 files purged, 1 logs truncated
[vault-gc] ops-metrics.jsonl: truncated 115 lines (kept last 1000)
[vault-gc] done: 0 files purged, 1 logs truncated
[vault-gc] dispatch: purged 1 files older than 14d
[vault-gc] reviews/raw (feed-intel-framework): purged 3 files older than 30d
[vault-gc] ops-metrics.jsonl: truncated 114 lines (kept last 1000)
[vault-gc] done: 4 files purged, 1 logs truncated
[vault-gc] ops-metrics.jsonl: truncated 115 lines (kept last 1000)
[vault-gc] done: 0 files purged, 1 logs truncated
[vault-gc] ops-metrics.jsonl: truncated 155 lines (kept last 1000)
[vault-gc] done: 0 files purged, 1 logs truncated
[vault-gc] reviews/raw (agent-to-agent-communication): purged 8 files older than 30d
[vault-gc] reviews/raw (feed-intel-framework): purged 3 files older than 30d
[vault-gc] ops-metrics.jsonl: truncated 165 lines (kept last 1000)
[vault-gc] done: 11 files purged, 1 logs truncated
[vault-gc] ops-metrics.jsonl: truncated 170 lines (kept last 1000)
[vault-gc] health-ping.log: truncated 3 lines (kept last 1000)
[vault-gc] done: 0 files purged, 2 logs truncated
[vault-gc] reviews/raw (tess-operations): purged 4 files older than 30d
[vault-gc] ops-metrics.jsonl: truncated 179 lines (kept last 1000)
[vault-gc] health-ping.log: truncated 24 lines (kept last 1000)
[vault-gc] done: 4 files purged, 2 logs truncated
[vault-gc] reviews/raw (mission-control): purged 14 files older than 30d
[vault-gc] ops-metrics.jsonl: truncated 185 lines (kept last 1000)
[vault-gc] health-ping.log: truncated 24 lines (kept last 1000)
[vault-gc] done: 14 files purged, 2 logs truncated
[vault-gc] ops-metrics.jsonl: truncated 181 lines (kept last 1000)
[vault-gc] health-ping.log: truncated 24 lines (kept last 1000)
[vault-gc] done: 0 files purged, 2 logs truncated
[vault-gc] ops-metrics.jsonl: truncated 182 lines (kept last 1000)
[vault-gc] health-ping.log: truncated 24 lines (kept last 1000)
[vault-gc] done: 0 files purged, 2 logs truncated
[vault-gc] ops-metrics.jsonl: truncated 151 lines (kept last 1000)
[vault-gc] health-ping.log: truncated 24 lines (kept last 1000)
[vault-gc] done: 0 files purged, 2 logs truncated
[vault-gc] watcher.log: truncated 6 lines (kept last 1000)
[vault-gc] ops-metrics.jsonl: truncated 178 lines (kept last 1000)
[vault-gc] health-ping.log: truncated 24 lines (kept last 1000)
[vault-gc] done: 0 files purged, 3 logs truncated
[vault-gc] reviews/raw (autonomous-operations): purged 4 files older than 30d
[vault-gc] ops-metrics.jsonl: truncated 178 lines (kept last 1000)
[vault-gc] health-ping.log: truncated 24 lines (kept last 1000)
[vault-gc] done: 4 files purged, 2 logs truncated
[vault-gc] ops-metrics.jsonl: truncated 164 lines (kept last 1000)
[vault-gc] health-ping.log: truncated 24 lines (kept last 1000)
[vault-gc] done: 0 files purged, 2 logs truncated
[vault-gc] reviews/raw (opportunity-scout): purged 8 files older than 30d
[vault-gc] ops-metrics.jsonl: truncated 163 lines (kept last 1000)
[vault-gc] health-ping.log: truncated 25 lines (kept last 1000)
[vault-gc] done: 8 files purged, 2 logs truncated
[vault-gc] watcher.log: truncated 5 lines (kept last 1000)
[vault-gc] ops-metrics.jsonl: truncated 169 lines (kept last 1000)
[vault-gc] health-ping.log: truncated 24 lines (kept last 1000)
[vault-gc] done: 0 files purged, 3 logs truncated
[vault-gc] ops-metrics.jsonl: truncated 151 lines (kept last 1000)
[vault-gc] health-ping.log: truncated 24 lines (kept last 1000)
[vault-gc] done: 0 files purged, 2 logs truncated
[vault-gc] reviews/raw (semuta): purged 4 files older than 30d
[vault-gc] ops-metrics.jsonl: truncated 131 lines (kept last 1000)
[vault-gc] health-ping.log: truncated 24 lines (kept last 1000)
[vault-gc] done: 4 files purged, 2 logs truncated
[vault-gc] reviews/raw (multi-agent-deliberation): purged 8 files older than 30d
[vault-gc] reviews/raw (semuta): purged 4 files older than 30d
[vault-gc] ops-metrics.jsonl: truncated 133 lines (kept last 1000)
[vault-gc] health-ping.log: truncated 24 lines (kept last 1000)
[vault-gc] done: 12 files purged, 2 logs truncated
[vault-gc] ops-metrics.jsonl: truncated 134 lines (kept last 1000)
[vault-gc] health-ping.log: truncated 24 lines (kept last 1000)
[vault-gc] done: 0 files purged, 2 logs truncated
[vault-gc] feed inbox: purged 5 files older than 14d
[vault-gc] ops-metrics.jsonl: truncated 133 lines (kept last 1000)
[vault-gc] health-ping.log: truncated 24 lines (kept last 1000)
[vault-gc] done: 5 files purged, 2 logs truncated
[vault-gc] feed inbox: purged 15 files older than 14d
[vault-gc] ops-metrics.jsonl: truncated 133 lines (kept last 1000)
[vault-gc] health-ping.log: truncated 24 lines (kept last 1000)
[vault-gc] done: 15 files purged, 2 logs truncated
[vault-gc] feed inbox: purged 7 files older than 14d
[vault-gc] ops-metrics.jsonl: truncated 134 lines (kept last 1000)
[vault-gc] health-ping.log: truncated 24 lines (kept last 1000)
[vault-gc] done: 7 files purged, 2 logs truncated
[vault-gc] feed inbox: purged 10 files older than 14d
[vault-gc] ops-metrics.jsonl: truncated 133 lines (kept last 1000)
[vault-gc] health-ping.log: truncated 24 lines (kept last 1000)
[vault-gc] done: 10 files purged, 2 logs truncated
[vault-gc] data/sidecar: purged 1 files older than 30d
[vault-gc] calendar-staging.log: truncated 22 lines (kept last 1000)
[vault-gc] daily-attention.log: truncated 43 lines (kept last 1000)
[vault-gc] health-ping.log: truncated 10 lines (kept last 1000)
[vault-gc] ops-metrics.jsonl: truncated 56 lines (kept last 1000)
[vault-gc] done: 1 files purged, 4 logs truncated
[vault-gc] data/scout-digests: purged 1 files older than 30d
[vault-gc] data/sidecar: purged 1 files older than 30d
[vault-gc] feeds/digests: purged 1 files older than 30d
[vault-gc] feed inbox: purged 14 files older than 14d
[vault-gc] calendar-staging.log: truncated 62 lines (kept last 1000)
[vault-gc] daily-attention.log: truncated 70 lines (kept last 1000)
[vault-gc] health-ping.log: truncated 24 lines (kept last 1000)
[vault-gc] ops-metrics.jsonl: truncated 132 lines (kept last 1000)
[vault-gc] done: 17 files purged, 4 logs truncated
[vault-gc] data/scout-digests: purged 1 files older than 30d
[vault-gc] data/sidecar: purged 1 files older than 30d
[vault-gc] feeds/digests: purged 1 files older than 30d
[vault-gc] feed inbox: purged 6 files older than 14d
[vault-gc] calendar-staging.log: truncated 64 lines (kept last 1000)
[vault-gc] daily-attention.log: truncated 70 lines (kept last 1000)
[vault-gc] health-ping.log: truncated 24 lines (kept last 1000)
[vault-gc] ops-metrics.jsonl: truncated 134 lines (kept last 1000)
[vault-gc] done: 9 files purged, 4 logs truncated
